Added Pin To Net: NetName=+Batt Pin=D2-2
Added Pin To Net: NetName=+Batt Pin=P1-1
Added Net: Name=+Batt
Added Pin To Net: NetName=+SigIn Pin=P2-2
Added Pin To Net: NetName=+SigIn Pin=U3-1
Added Net: Name=+SigIn
Added Pin To Net: NetName=+VIn Pin=C2-2
Added Pin To Net: NetName=+VIn Pin=C3-2
Added Pin To Net: NetName=+VIn Pin=D2-1
Added Pin To Net: NetName=+VIn Pin=U1-5
Added Pin To Net: NetName=+VIn Pin=U1-8
Added Pin To Net: NetName=+VIn Pin=U2-3
Added Net: Name=+VIn
Added Pin To Net: NetName=+VLoad Pin=C1-2
Added Pin To Net: NetName=+VLoad Pin=P2-1
Added Pin To Net: NetName=+VLoad Pin=U1-1
Added Pin To Net: NetName=+VLoad Pin=VR1-3
Added Net: Name=+VLoad
Added Pin To Net: NetName=+VSAmp Pin=C4-2
Added Pin To Net: NetName=+VSAmp Pin=C5-2
Added Pin To Net: NetName=+VSAmp Pin=C6-2
Added Pin To Net: NetName=+VSAmp Pin=U2-1
Added Pin To Net: NetName=+VSAmp Pin=U3-8
Added Pin To Net: NetName=+VSAmp Pin=VR4-1
Added Net: Name=+VSAmp
Added Pin To Net: NetName=-SigIn Pin=P2-3
Added Pin To Net: NetName=-SigIn Pin=U3-4
Added Net: Name=-SigIn
Added Pin To Net: NetName=GainR1 Pin=U3-3
Added Pin To Net: NetName=GainR1 Pin=VR2-3
Added Net: Name=GainR1
Added Pin To Net: NetName=GainR2 Pin=U3-2
Added Pin To Net: NetName=GainR2 Pin=VR3-2
Added Net: Name=GainR2
Added Pin To Net: NetName=GND Pin=C1-1
Added Pin To Net: NetName=GND Pin=C2-1
Added Pin To Net: NetName=GND Pin=C3-1
Added Pin To Net: NetName=GND Pin=C4-1
Added Pin To Net: NetName=GND Pin=C5-1
Added Pin To Net: NetName=GND Pin=C6-1
Added Pin To Net: NetName=GND Pin=P1-2
Added Pin To Net: NetName=GND Pin=P1-4
Added Pin To Net: NetName=GND Pin=P2-4
Added Pin To Net: NetName=GND Pin=R1-2
Added Pin To Net: NetName=GND Pin=U1-3
Added Pin To Net: NetName=GND Pin=U1-4
Added Pin To Net: NetName=GND Pin=U1-6
Added Pin To Net: NetName=GND Pin=U1-7
Added Pin To Net: NetName=GND Pin=U1-EPAD
Added Pin To Net: NetName=GND Pin=U2-2
Added Pin To Net: NetName=GND Pin=U2-4
Added Pin To Net: NetName=GND Pin=U3-5
Added Pin To Net: NetName=GND Pin=VR1-1
Added Pin To Net: NetName=GND Pin=VR4-3
Added Net: Name=GND
Added Pin To Net: NetName=NetD1_1 Pin=D1-1
Added Pin To Net: NetName=NetD1_1 Pin=R1-1
Added Net: Name=NetD1_1
Added Pin To Net: NetName=NetU1_2 Pin=U1-2
Added Pin To Net: NetName=NetU1_2 Pin=VR1-2
Added Net: Name=NetU1_2
Added Pin To Net: NetName=NetVR2_2 Pin=VR2-2
Added Pin To Net: NetName=NetVR2_2 Pin=VR3-3
Added Net: Name=NetVR2_2
Added Pin To Net: NetName=Ref_Offset Pin=U3-6
Added Pin To Net: NetName=Ref_Offset Pin=VR4-2
Added Net: Name=Ref_Offset
Added Pin To Net: NetName=SigOut Pin=P1-3
Added Pin To Net: NetName=SigOut Pin=U3-7
Added Net: Name=SigOut
